[ 2016-11-09T14:38:17+08:00 ] ::1 /thinkphp/thinkphp_3.2.3_full/
INFO: [ app_init ] --START--
INFO: Run Behavior\BuildLiteBehavior [ RunTime:0.000000s ]
INFO: [ app_init ] --END-- [ RunTime:0.000000s ]
INFO: [ app_begin ] --START--
INFO: Run Behavior\ReadHtmlCacheBehavior [ RunTime:0.002000s ]
ERR: SQLSTATE[HY000] [1049] Unknown database 'tp'

[ 2016-11-09T14:39:18+08:00 ] 127.0.0.1 /
INFO: [ app_init ] --START--
INFO: Run Behavior\BuildLiteBehavior [ RunTime:0.000000s ]
INFO: [ app_init ] --END-- [ RunTime:0.001000s ]
INFO: [ app_begin ] --START--
INFO: Run Behavior\ReadHtmlCacheBehavior [ RunTime:0.000000s ]
ERR: SQLSTATE[HY000] [1049] Unknown database 'tp'

[ 2016-11-09T14:40:25+08:00 ] 127.0.0.1 /
INFO: [ app_init ] --START--
INFO: Run Behavior\BuildLiteBehavior [ RunTime:0.000000s ]
INFO: [ app_init ] --END-- [ RunTime:0.001000s ]
INFO: [ app_begin ] --START--
INFO: Run Behavior\ReadHtmlCacheBehavior [ RunTime:0.000000s ]
SQL: SHOW COLUMNS FROM `markzhu_nav` [ RunTime:0.0040s ]
SQL: SELECT * FROM `markzhu_nav` WHERE (  nav_isShow = 1  ) ORDER BY nav_index  [ RunTime:0.0010s ]
INFO: Run Home\Behaviors\NavBehavior [ RunTime:0.067000s ]
INFO: [ app_begin ] --END-- [ RunTime:0.068000s ]
INFO: [ view_parse ] --START--
NOTIC: [8] Use of undefined constant attr - assumed 'attr' D:\wamp\www\thinkphp\thinkphp_3.2.3_full\ThinkPHP\Library\Think\Think.class.php 第 198 行.
NOTIC: [8] Use of undefined constant close - assumed 'close' D:\wamp\www\thinkphp\thinkphp_3.2.3_full\ThinkPHP\Library\Think\Think.class.php 第 198 行.
INFO: [ template_filter ] --START--
INFO: Run Behavior\ContentReplaceBehavior [ RunTime:0.018000s ]
INFO: [ template_filter ] --END-- [ RunTime:0.018000s ]
SQL: SELECT * FROM `markzhu_nav` WHERE (  nav_isShow = 1  ) ORDER BY nav_index  [ RunTime:0.0010s ]
INFO: Run Behavior\ParseTemplateBehavior [ RunTime:0.041000s ]
INFO: [ view_parse ] --END-- [ RunTime:0.041000s ]
INFO: [ view_filter ] --START--
INFO: Run Behavior\WriteHtmlCacheBehavior [ RunTime:0.001000s ]
INFO: [ view_filter ] --END-- [ RunTime:0.001000s ]
INFO: [ app_end ] --START--
INFO: Run Behavior\ShowPageTraceBehavior [ RunTime:0.001000s ]
INFO: [ app_end ] --END-- [ RunTime:0.001000s ]

[ 2016-11-09T14:41:06+08:00 ] 127.0.0.1 /Home/login
INFO: [ app_init ] --START--
INFO: Run Behavior\BuildLiteBehavior [ RunTime:0.000000s ]
INFO: [ app_init ] --END-- [ RunTime:0.000000s ]
INFO: [ app_begin ] --START--
INFO: Run Behavior\ReadHtmlCacheBehavior [ RunTime:0.000000s ]
SQL: SHOW COLUMNS FROM `markzhu_nav` [ RunTime:0.0040s ]
SQL: SELECT * FROM `markzhu_nav` WHERE (  nav_isShow = 1  ) ORDER BY nav_index  [ RunTime:0.0010s ]
INFO: Run Home\Behaviors\NavBehavior [ RunTime:0.013000s ]
INFO: [ app_begin ] --END-- [ RunTime:0.013000s ]
INFO: [ view_parse ] --START--
NOTIC: [8] Use of undefined constant attr - assumed 'attr' D:\wamp\www\thinkphp\thinkphp_3.2.3_full\ThinkPHP\Library\Think\Think.class.php 第 198 行.
NOTIC: [8] Use of undefined constant close - assumed 'close' D:\wamp\www\thinkphp\thinkphp_3.2.3_full\ThinkPHP\Library\Think\Think.class.php 第 198 行.
INFO: [ template_filter ] --START--
INFO: Run Behavior\ContentReplaceBehavior [ RunTime:0.047000s ]
INFO: [ template_filter ] --END-- [ RunTime:0.048000s ]
SQL: SELECT * FROM `markzhu_nav` WHERE (  nav_isShow = 1  ) ORDER BY nav_index  [ RunTime:0.0010s ]
INFO: Run Behavior\ParseTemplateBehavior [ RunTime:0.062000s ]
INFO: [ view_parse ] --END-- [ RunTime:0.062000s ]
INFO: [ view_filter ] --START--
INFO: Run Behavior\WriteHtmlCacheBehavior [ RunTime:0.001000s ]
INFO: [ view_filter ] --END-- [ RunTime:0.001000s ]
INFO: [ app_end ] --START--
INFO: Run Behavior\ShowPageTraceBehavior [ RunTime:0.001000s ]
INFO: [ app_end ] --END-- [ RunTime:0.001000s ]

[ 2016-11-09T14:42:05+08:00 ] 127.0.0.1 /Home/login
INFO: [ app_init ] --START--
INFO: Run Behavior\BuildLiteBehavior [ RunTime:0.000000s ]
INFO: [ app_init ] --END-- [ RunTime:0.001000s ]
INFO: [ app_begin ] --START--
INFO: Run Behavior\ReadHtmlCacheBehavior [ RunTime:0.001000s ]
SQL: SHOW COLUMNS FROM `markzhu_nav` [ RunTime:0.0040s ]
SQL: SELECT * FROM `markzhu_nav` WHERE (  nav_isShow = 1  ) ORDER BY nav_index  [ RunTime:0.0000s ]
INFO: Run Home\Behaviors\NavBehavior [ RunTime:0.013000s ]
INFO: [ app_begin ] --END-- [ RunTime:0.014000s ]
INFO: [ view_parse ] --START--
NOTIC: [8] Use of undefined constant attr - assumed 'attr' D:\wamp\www\thinkphp\thinkphp_3.2.3_full\ThinkPHP\Library\Think\Think.class.php 第 198 行.
NOTIC: [8] Use of undefined constant close - assumed 'close' D:\wamp\www\thinkphp\thinkphp_3.2.3_full\ThinkPHP\Library\Think\Think.class.php 第 198 行.
INFO: [ template_filter ] --START--
INFO: Run Behavior\ContentReplaceBehavior [ RunTime:0.000000s ]
INFO: [ template_filter ] --END-- [ RunTime:0.000000s ]
SQL: SELECT * FROM `markzhu_nav` WHERE (  nav_isShow = 1  ) ORDER BY nav_index  [ RunTime:0.0010s ]
INFO: Run Behavior\ParseTemplateBehavior [ RunTime:0.016000s ]
INFO: [ view_parse ] --END-- [ RunTime:0.016000s ]
INFO: [ view_filter ] --START--
INFO: Run Behavior\WriteHtmlCacheBehavior [ RunTime:0.001000s ]
INFO: [ view_filter ] --END-- [ RunTime:0.001000s ]
INFO: [ app_end ] --START--
INFO: Run Behavior\ShowPageTraceBehavior [ RunTime:0.001000s ]
INFO: [ app_end ] --END-- [ RunTime:0.001000s ]

[ 2016-11-09T14:42:11+08:00 ] 127.0.0.1 /Home/login
INFO: [ app_init ] --START--
INFO: Run Behavior\BuildLiteBehavior [ RunTime:0.000000s ]
INFO: [ app_init ] --END-- [ RunTime:0.001000s ]
INFO: [ app_begin ] --START--
INFO: Run Behavior\ReadHtmlCacheBehavior [ RunTime:0.001000s ]
SQL: SHOW COLUMNS FROM `markzhu_nav` [ RunTime:0.0060s ]
SQL: SELECT * FROM `markzhu_nav` WHERE (  nav_isShow = 1  ) ORDER BY nav_index  [ RunTime:0.0010s ]
INFO: Run Home\Behaviors\NavBehavior [ RunTime:0.020000s ]
INFO: [ app_begin ] --END-- [ RunTime:0.022000s ]
INFO: [ view_parse ] --START--
NOTIC: [8] Use of undefined constant attr - assumed 'attr' D:\wamp\www\thinkphp\thinkphp_3.2.3_full\ThinkPHP\Library\Think\Think.class.php 第 198 行.
NOTIC: [8] Use of undefined constant close - assumed 'close' D:\wamp\www\thinkphp\thinkphp_3.2.3_full\ThinkPHP\Library\Think\Think.class.php 第 198 行.
INFO: [ template_filter ] --START--
INFO: Run Behavior\ContentReplaceBehavior [ RunTime:0.000000s ]
INFO: [ template_filter ] --END-- [ RunTime:0.000000s ]
SQL: SELECT * FROM `markzhu_nav` WHERE (  nav_isShow = 1  ) ORDER BY nav_index  [ RunTime:0.0010s ]
INFO: Run Behavior\ParseTemplateBehavior [ RunTime:0.020000s ]
INFO: [ view_parse ] --END-- [ RunTime:0.020000s ]
INFO: [ view_filter ] --START--
INFO: Run Behavior\WriteHtmlCacheBehavior [ RunTime:0.001000s ]
INFO: [ view_filter ] --END-- [ RunTime:0.001000s ]
INFO: [ app_end ] --START--
INFO: Run Behavior\ShowPageTraceBehavior [ RunTime:0.001000s ]
INFO: [ app_end ] --END-- [ RunTime:0.001000s ]

[ 2016-11-09T14:51:24+08:00 ] 127.0.0.1 /Home/login
INFO: [ app_init ] --START--
INFO: Run Behavior\BuildLiteBehavior [ RunTime:0.000000s ]
INFO: [ app_init ] --END-- [ RunTime:0.001000s ]
INFO: [ app_begin ] --START--
INFO: Run Behavior\ReadHtmlCacheBehavior [ RunTime:0.000000s ]
SQL: SHOW COLUMNS FROM `markzhu_nav` [ RunTime:0.0050s ]
SQL: SELECT * FROM `markzhu_nav` WHERE (  nav_isShow = 1  ) ORDER BY nav_index  [ RunTime:0.0000s ]
INFO: Run Home\Behaviors\NavBehavior [ RunTime:0.015000s ]
INFO: [ app_begin ] --END-- [ RunTime:0.016000s ]
INFO: [ view_parse ] --START--
NOTIC: [8] Use of undefined constant attr - assumed 'attr' D:\wamp\www\thinkphp\thinkphp_3.2.3_full\ThinkPHP\Library\Think\Think.class.php 第 198 行.
NOTIC: [8] Use of undefined constant close - assumed 'close' D:\wamp\www\thinkphp\thinkphp_3.2.3_full\ThinkPHP\Library\Think\Think.class.php 第 198 行.
INFO: [ template_filter ] --START--
INFO: Run Behavior\ContentReplaceBehavior [ RunTime:0.000000s ]
INFO: [ template_filter ] --END-- [ RunTime:0.000000s ]
SQL: SELECT * FROM `markzhu_nav` WHERE (  nav_isShow = 1  ) ORDER BY nav_index  [ RunTime:0.0010s ]
INFO: Run Behavior\ParseTemplateBehavior [ RunTime:0.015000s ]
INFO: [ view_parse ] --END-- [ RunTime:0.015000s ]
INFO: [ view_filter ] --START--
INFO: Run Behavior\WriteHtmlCacheBehavior [ RunTime:0.001000s ]
INFO: [ view_filter ] --END-- [ RunTime:0.001000s ]
INFO: [ app_end ] --START--
INFO: Run Behavior\ShowPageTraceBehavior [ RunTime:0.001000s ]
INFO: [ app_end ] --END-- [ RunTime:0.001000s ]

[ 2016-11-09T14:51:28+08:00 ] 127.0.0.1 /Home/login
INFO: [ app_init ] --START--
INFO: Run Behavior\BuildLiteBehavior [ RunTime:0.000000s ]
INFO: [ app_init ] --END-- [ RunTime:0.001000s ]
INFO: [ app_begin ] --START--
INFO: Run Behavior\ReadHtmlCacheBehavior [ RunTime:0.001000s ]
SQL: SHOW COLUMNS FROM `markzhu_nav` [ RunTime:0.0080s ]
SQL: SELECT * FROM `markzhu_nav` WHERE (  nav_isShow = 1  ) ORDER BY nav_index  [ RunTime:0.0010s ]
INFO: Run Home\Behaviors\NavBehavior [ RunTime:0.028000s ]
INFO: [ app_begin ] --END-- [ RunTime:0.030000s ]

[ 2016-11-09T14:54:37+08:00 ] 127.0.0.1 /Home/login
INFO: [ app_init ] --START--
INFO: Run Behavior\BuildLiteBehavior [ RunTime:0.000000s ]
INFO: [ app_init ] --END-- [ RunTime:0.001000s ]
INFO: [ app_begin ] --START--
INFO: Run Behavior\ReadHtmlCacheBehavior [ RunTime:0.001000s ]
SQL: SHOW COLUMNS FROM `markzhu_nav` [ RunTime:0.0050s ]
SQL: SELECT * FROM `markzhu_nav` WHERE (  nav_isShow = 1  ) ORDER BY nav_index  [ RunTime:0.0010s ]
INFO: Run Home\Behaviors\NavBehavior [ RunTime:0.018000s ]
INFO: [ app_begin ] --END-- [ RunTime:0.019000s ]
INFO: [ view_parse ] --START--
NOTIC: [8] Use of undefined constant attr - assumed 'attr' D:\wamp\www\thinkphp\thinkphp_3.2.3_full\ThinkPHP\Library\Think\Think.class.php 第 198 行.
NOTIC: [8] Use of undefined constant close - assumed 'close' D:\wamp\www\thinkphp\thinkphp_3.2.3_full\ThinkPHP\Library\Think\Think.class.php 第 198 行.
INFO: [ template_filter ] --START--
INFO: Run Behavior\ContentReplaceBehavior [ RunTime:0.000000s ]
INFO: [ template_filter ] --END-- [ RunTime:0.000000s ]
SQL: SELECT * FROM `markzhu_nav` WHERE (  nav_isShow = 1  ) ORDER BY nav_index  [ RunTime:0.0000s ]
NOTIC: [8] Undefined variable: errorInfo D:\wamp\www\thinkphp\thinkphp_3.2.3_full\MarkZhu\Runtime\Cache\Home\95363fdac3dc63dbde000331b5e813c6.php 第 74 行.
INFO: Run Behavior\ParseTemplateBehavior [ RunTime:0.038000s ]
INFO: [ view_parse ] --END-- [ RunTime:0.038000s ]
INFO: [ view_filter ] --START--
INFO: Run Behavior\WriteHtmlCacheBehavior [ RunTime:0.000000s ]
INFO: [ view_filter ] --END-- [ RunTime:0.000000s ]
INFO: [ app_end ] --START--
INFO: Run Behavior\ShowPageTraceBehavior [ RunTime:0.000000s ]
INFO: [ app_end ] --END-- [ RunTime:0.000000s ]

[ 2016-11-09T14:54:39+08:00 ] 127.0.0.1 /Home/login
INFO: [ app_init ] --START--
INFO: Run Behavior\BuildLiteBehavior [ RunTime:0.000000s ]
INFO: [ app_init ] --END-- [ RunTime:0.001000s ]
INFO: [ app_begin ] --START--
INFO: Run Behavior\ReadHtmlCacheBehavior [ RunTime:0.001000s ]
SQL: SHOW COLUMNS FROM `markzhu_nav` [ RunTime:0.0050s ]
SQL: SELECT * FROM `markzhu_nav` WHERE (  nav_isShow = 1  ) ORDER BY nav_index  [ RunTime:0.0010s ]
INFO: Run Home\Behaviors\NavBehavior [ RunTime:0.013000s ]
INFO: [ app_begin ] --END-- [ RunTime:0.014000s ]
INFO: [ view_parse ] --START--
NOTIC: [8] Use of undefined constant attr - assumed 'attr' D:\wamp\www\thinkphp\thinkphp_3.2.3_full\ThinkPHP\Library\Think\Think.class.php 第 198 行.
NOTIC: [8] Use of undefined constant close - assumed 'close' D:\wamp\www\thinkphp\thinkphp_3.2.3_full\ThinkPHP\Library\Think\Think.class.php 第 198 行.
INFO: [ template_filter ] --START--
INFO: Run Behavior\ContentReplaceBehavior [ RunTime:0.000000s ]
INFO: [ template_filter ] --END-- [ RunTime:0.000000s ]
SQL: SELECT * FROM `markzhu_nav` WHERE (  nav_isShow = 1  ) ORDER BY nav_index  [ RunTime:0.0010s ]
NOTIC: [8] Undefined variable: errorInfo D:\wamp\www\thinkphp\thinkphp_3.2.3_full\MarkZhu\Runtime\Cache\Home\95363fdac3dc63dbde000331b5e813c6.php 第 74 行.
INFO: Run Behavior\ParseTemplateBehavior [ RunTime:0.015000s ]
INFO: [ view_parse ] --END-- [ RunTime:0.015000s ]
INFO: [ view_filter ] --START--
INFO: Run Behavior\WriteHtmlCacheBehavior [ RunTime:0.001000s ]
INFO: [ view_filter ] --END-- [ RunTime:0.001000s ]
INFO: [ app_end ] --START--
INFO: Run Behavior\ShowPageTraceBehavior [ RunTime:0.001000s ]
INFO: [ app_end ] --END-- [ RunTime:0.001000s ]

[ 2016-11-09T14:55:06+08:00 ] 127.0.0.1 /Home/login
INFO: [ app_init ] --START--
INFO: Run Behavior\BuildLiteBehavior [ RunTime:0.000000s ]
INFO: [ app_init ] --END-- [ RunTime:0.000000s ]
INFO: [ app_begin ] --START--
INFO: Run Behavior\ReadHtmlCacheBehavior [ RunTime:0.000000s ]
SQL: SHOW COLUMNS FROM `markzhu_nav` [ RunTime:0.0040s ]
SQL: SELECT * FROM `markzhu_nav` WHERE (  nav_isShow = 1  ) ORDER BY nav_index  [ RunTime:0.0000s ]
INFO: Run Home\Behaviors\NavBehavior [ RunTime:0.013000s ]
INFO: [ app_begin ] --END-- [ RunTime:0.014000s ]
INFO: [ view_parse ] --START--
NOTIC: [8] Use of undefined constant attr - assumed 'attr' D:\wamp\www\thinkphp\thinkphp_3.2.3_full\ThinkPHP\Library\Think\Think.class.php 第 198 行.
NOTIC: [8] Use of undefined constant close - assumed 'close' D:\wamp\www\thinkphp\thinkphp_3.2.3_full\ThinkPHP\Library\Think\Think.class.php 第 198 行.
INFO: [ template_filter ] --START--
INFO: Run Behavior\ContentReplaceBehavior [ RunTime:0.000000s ]
INFO: [ template_filter ] --END-- [ RunTime:0.000000s ]
SQL: SELECT * FROM `markzhu_nav` WHERE (  nav_isShow = 1  ) ORDER BY nav_index  [ RunTime:0.0000s ]
INFO: Run Behavior\ParseTemplateBehavior [ RunTime:0.015000s ]
INFO: [ view_parse ] --END-- [ RunTime:0.015000s ]
INFO: [ view_filter ] --START--
INFO: Run Behavior\WriteHtmlCacheBehavior [ RunTime:0.000000s ]
INFO: [ view_filter ] --END-- [ RunTime:0.000000s ]
INFO: [ app_end ] --START--
INFO: Run Behavior\ShowPageTraceBehavior [ RunTime:0.000000s ]
INFO: [ app_end ] --END-- [ RunTime:0.000000s ]

[ 2016-11-09T15:22:02+08:00 ] 127.0.0.1 /Home/login
INFO: [ app_init ] --START--
INFO: Run Behavior\BuildLiteBehavior [ RunTime:0.000000s ]
INFO: [ app_init ] --END-- [ RunTime:0.001000s ]
INFO: [ app_begin ] --START--
INFO: Run Behavior\ReadHtmlCacheBehavior [ RunTime:0.001000s ]
SQL: SHOW COLUMNS FROM `markzhu_nav` [ RunTime:0.0040s ]
SQL: SELECT * FROM `markzhu_nav` WHERE (  nav_isShow = 1  ) ORDER BY nav_index  [ RunTime:0.0010s ]
INFO: Run Home\Behaviors\NavBehavior [ RunTime:0.014000s ]
INFO: [ app_begin ] --END-- [ RunTime:0.015000s ]
ERR: 1146:Table 'tp.markzhu_user' doesn't exist
 [ SQL语句 ] : SHOW COLUMNS FROM `markzhu_user`
ERR: 1146:Table 'tp.markzhu_user' doesn't exist
 [ SQL语句 ] : SHOW COLUMNS FROM `markzhu_user`

[ 2016-11-09T15:22:13+08:00 ] 127.0.0.1 /Home/login
INFO: [ app_init ] --START--
INFO: Run Behavior\BuildLiteBehavior [ RunTime:0.000000s ]
INFO: [ app_init ] --END-- [ RunTime:0.000000s ]
INFO: [ app_begin ] --START--
INFO: Run Behavior\ReadHtmlCacheBehavior [ RunTime:0.000000s ]
SQL: SHOW COLUMNS FROM `markzhu_nav` [ RunTime:0.0060s ]
SQL: SELECT * FROM `markzhu_nav` WHERE (  nav_isShow = 1  ) ORDER BY nav_index  [ RunTime:0.0000s ]
INFO: Run Home\Behaviors\NavBehavior [ RunTime:0.016000s ]
INFO: [ app_begin ] --END-- [ RunTime:0.016000s ]
SQL: SHOW COLUMNS FROM `markzhu_users` [ RunTime:0.0040s ]
ERR: 1064:You have an error in your SQL syntax; check the manual that corresponds to your MySQL server version for the right syntax to use near ') LIMIT 1' at line 1
 [ SQL语句 ] : SELECT * FROM `markzhu_users` WHERE (  user_name =  ) LIMIT 1  
ERR: 1064:You have an error in your SQL syntax; check the manual that corresponds to your MySQL server version for the right syntax to use near ') LIMIT 1' at line 1
 [ SQL语句 ] : SELECT * FROM `markzhu_users` WHERE (  user_name =  ) LIMIT 1  

[ 2016-11-09T15:30:27+08:00 ] 127.0.0.1 /Home/login
INFO: [ app_init ] --START--
INFO: Run Behavior\BuildLiteBehavior [ RunTime:0.000000s ]
INFO: [ app_init ] --END-- [ RunTime:0.001000s ]
INFO: [ app_begin ] --START--
INFO: Run Behavior\ReadHtmlCacheBehavior [ RunTime:0.000000s ]
SQL: SHOW COLUMNS FROM `markzhu_nav` [ RunTime:0.0040s ]
SQL: SELECT * FROM `markzhu_nav` WHERE (  nav_isShow = 1  ) ORDER BY nav_index  [ RunTime:0.0010s ]
INFO: Run Home\Behaviors\NavBehavior [ RunTime:0.014000s ]
INFO: [ app_begin ] --END-- [ RunTime:0.015000s ]
INFO: [ view_parse ] --START--
NOTIC: [8] Use of undefined constant attr - assumed 'attr' D:\wamp\www\thinkphp\thinkphp_3.2.3_full\ThinkPHP\Library\Think\Think.class.php 第 198 行.
NOTIC: [8] Use of undefined constant close - assumed 'close' D:\wamp\www\thinkphp\thinkphp_3.2.3_full\ThinkPHP\Library\Think\Think.class.php 第 198 行.
INFO: [ template_filter ] --START--
INFO: Run Behavior\ContentReplaceBehavior [ RunTime:0.000000s ]
INFO: [ template_filter ] --END-- [ RunTime:0.000000s ]
SQL: SELECT * FROM `markzhu_nav` WHERE (  nav_isShow = 1  ) ORDER BY nav_index  [ RunTime:0.0010s ]
INFO: Run Behavior\ParseTemplateBehavior [ RunTime:0.015000s ]
INFO: [ view_parse ] --END-- [ RunTime:0.015000s ]
INFO: [ view_filter ] --START--
INFO: Run Behavior\WriteHtmlCacheBehavior [ RunTime:0.001000s ]
INFO: [ view_filter ] --END-- [ RunTime:0.001000s ]
INFO: [ app_end ] --START--
INFO: Run Behavior\ShowPageTraceBehavior [ RunTime:0.001000s ]
INFO: [ app_end ] --END-- [ RunTime:0.001000s ]

[ 2016-11-09T15:30:46+08:00 ] 127.0.0.1 /Home/login
INFO: [ app_init ] --START--
INFO: Run Behavior\BuildLiteBehavior [ RunTime:0.001000s ]
INFO: [ app_init ] --END-- [ RunTime:0.001000s ]
INFO: [ app_begin ] --START--
INFO: Run Behavior\ReadHtmlCacheBehavior [ RunTime:0.001000s ]
SQL: SHOW COLUMNS FROM `markzhu_nav` [ RunTime:0.0040s ]
SQL: SELECT * FROM `markzhu_nav` WHERE (  nav_isShow = 1  ) ORDER BY nav_index  [ RunTime:0.0000s ]
INFO: Run Home\Behaviors\NavBehavior [ RunTime:0.012000s ]
INFO: [ app_begin ] --END-- [ RunTime:0.013000s ]
SQL: SHOW COLUMNS FROM `markzhu_users` [ RunTime:0.0040s ]
ERR: 1054:Unknown column 'zhu' in 'where clause'
 [ SQL语句 ] : SELECT * FROM `markzhu_users` WHERE (  user_name = zhu ) LIMIT 1  
ERR: 1054:Unknown column 'zhu' in 'where clause'
 [ SQL语句 ] : SELECT * FROM `markzhu_users` WHERE (  user_name = zhu ) LIMIT 1  

[ 2016-11-09T15:31:07+08:00 ] 127.0.0.1 /Home/login
INFO: [ app_init ] --START--
INFO: Run Behavior\BuildLiteBehavior [ RunTime:0.000000s ]
INFO: [ app_init ] --END-- [ RunTime:0.000000s ]
INFO: [ app_begin ] --START--
INFO: Run Behavior\ReadHtmlCacheBehavior [ RunTime:0.000000s ]
SQL: SHOW COLUMNS FROM `markzhu_nav` [ RunTime:0.0050s ]
SQL: SELECT * FROM `markzhu_nav` WHERE (  nav_isShow = 1  ) ORDER BY nav_index  [ RunTime:0.0010s ]
INFO: Run Home\Behaviors\NavBehavior [ RunTime:0.012000s ]
INFO: [ app_begin ] --END-- [ RunTime:0.013000s ]
SQL: SHOW COLUMNS FROM `markzhu_users` [ RunTime:0.0040s ]
SQL: SELECT * FROM `markzhu_users` WHERE (  user_name = "zhu" ) LIMIT 1   [ RunTime:0.0000s ]
INFO: [ view_parse ] --START--
NOTIC: [8] Use of undefined constant attr - assumed 'attr' D:\wamp\www\thinkphp\thinkphp_3.2.3_full\ThinkPHP\Library\Think\Think.class.php 第 198 行.
NOTIC: [8] Use of undefined constant close - assumed 'close' D:\wamp\www\thinkphp\thinkphp_3.2.3_full\ThinkPHP\Library\Think\Think.class.php 第 198 行.
INFO: [ template_filter ] --START--
INFO: Run Behavior\ContentReplaceBehavior [ RunTime:0.000000s ]
INFO: [ template_filter ] --END-- [ RunTime:0.000000s ]
SQL: SELECT * FROM `markzhu_nav` WHERE (  nav_isShow = 1  ) ORDER BY nav_index  [ RunTime:0.0000s ]
NOTIC: [8] Undefined variable: errorInfo D:\wamp\www\thinkphp\thinkphp_3.2.3_full\MarkZhu\Runtime\Cache\Home\95363fdac3dc63dbde000331b5e813c6.php 第 74 行.
INFO: Run Behavior\ParseTemplateBehavior [ RunTime:0.014000s ]
INFO: [ view_parse ] --END-- [ RunTime:0.014000s ]
INFO: [ view_filter ] --START--
INFO: Run Behavior\WriteHtmlCacheBehavior [ RunTime:0.000000s ]
INFO: [ view_filter ] --END-- [ RunTime:0.001000s ]
INFO: [ app_end ] --START--
INFO: Run Behavior\ShowPageTraceBehavior [ RunTime:0.001000s ]
INFO: [ app_end ] --END-- [ RunTime:0.001000s ]

[ 2016-11-09T15:38:12+08:00 ] 127.0.0.1 /Home/login
INFO: [ app_init ] --START--
INFO: Run Behavior\BuildLiteBehavior [ RunTime:0.000000s ]
INFO: [ app_init ] --END-- [ RunTime:0.000000s ]
INFO: [ app_begin ] --START--
INFO: Run Behavior\ReadHtmlCacheBehavior [ RunTime:0.001000s ]
SQL: SHOW COLUMNS FROM `markzhu_nav` [ RunTime:0.0040s ]
SQL: SELECT * FROM `markzhu_nav` WHERE (  nav_isShow = 1  ) ORDER BY nav_index  [ RunTime:0.0000s ]
INFO: Run Home\Behaviors\NavBehavior [ RunTime:0.014000s ]
INFO: [ app_begin ] --END-- [ RunTime:0.015000s ]
SQL: SHOW COLUMNS FROM `markzhu_users` [ RunTime:0.0040s ]
SQL: SELECT * FROM `markzhu_users` WHERE (  user_name = "zhu" ) LIMIT 1   [ RunTime:0.0000s ]
INFO: [ view_parse ] --START--
NOTIC: [8] Use of undefined constant attr - assumed 'attr' D:\wamp\www\thinkphp\thinkphp_3.2.3_full\ThinkPHP\Library\Think\Think.class.php 第 198 行.
NOTIC: [8] Use of undefined constant close - assumed 'close' D:\wamp\www\thinkphp\thinkphp_3.2.3_full\ThinkPHP\Library\Think\Think.class.php 第 198 行.
INFO: [ template_filter ] --START--
INFO: Run Behavior\ContentReplaceBehavior [ RunTime:0.000000s ]
INFO: [ template_filter ] --END-- [ RunTime:0.000000s ]
SQL: SELECT * FROM `markzhu_nav` WHERE (  nav_isShow = 1  ) ORDER BY nav_index  [ RunTime:0.0010s ]
NOTIC: [8] Undefined variable: errorInfo D:\wamp\www\thinkphp\thinkphp_3.2.3_full\MarkZhu\Runtime\Cache\Home\95363fdac3dc63dbde000331b5e813c6.php 第 74 行.
INFO: Run Behavior\ParseTemplateBehavior [ RunTime:0.015000s ]
INFO: [ view_parse ] --END-- [ RunTime:0.015000s ]
INFO: [ view_filter ] --START--
INFO: Run Behavior\WriteHtmlCacheBehavior [ RunTime:0.001000s ]
INFO: [ view_filter ] --END-- [ RunTime:0.001000s ]
INFO: [ app_end ] --START--
INFO: Run Behavior\ShowPageTraceBehavior [ RunTime:0.001000s ]
INFO: [ app_end ] --END-- [ RunTime:0.001000s ]

[ 2016-11-09T16:14:30+08:00 ] 127.0.0.1 /Home/login
INFO: [ app_init ] --START--
INFO: Run Behavior\BuildLiteBehavior [ RunTime:0.000000s ]
INFO: [ app_init ] --END-- [ RunTime:0.001000s ]
INFO: [ app_begin ] --START--
INFO: Run Behavior\ReadHtmlCacheBehavior [ RunTime:0.001000s ]
SQL: SHOW COLUMNS FROM `markzhu_nav` [ RunTime:0.0080s ]
SQL: SELECT * FROM `markzhu_nav` WHERE (  nav_isShow = 1  ) ORDER BY nav_index  [ RunTime:0.0010s ]
INFO: Run Home\Behaviors\NavBehavior [ RunTime:0.027000s ]
INFO: [ app_begin ] --END-- [ RunTime:0.030000s ]
INFO: [ view_parse ] --START--
NOTIC: [8] Use of undefined constant attr - assumed 'attr' D:\wamp\www\thinkphp\thinkphp_3.2.3_full\ThinkPHP\Library\Think\Think.class.php 第 198 行.
NOTIC: [8] Use of undefined constant close - assumed 'close' D:\wamp\www\thinkphp\thinkphp_3.2.3_full\ThinkPHP\Library\Think\Think.class.php 第 198 行.
INFO: [ template_filter ] --START--
INFO: Run Behavior\ContentReplaceBehavior [ RunTime:0.000000s ]
INFO: [ template_filter ] --END-- [ RunTime:0.000000s ]
SQL: SELECT * FROM `markzhu_nav` WHERE (  nav_isShow = 1  ) ORDER BY nav_index  [ RunTime:0.0010s ]
NOTIC: [8] Undefined variable: errorInfo D:\wamp\www\thinkphp\thinkphp_3.2.3_full\MarkZhu\Runtime\Cache\Home\95363fdac3dc63dbde000331b5e813c6.php 第 74 行.
INFO: Run Behavior\ParseTemplateBehavior [ RunTime:0.026000s ]
INFO: [ view_parse ] --END-- [ RunTime:0.026000s ]
INFO: [ view_filter ] --START--
INFO: Run Behavior\WriteHtmlCacheBehavior [ RunTime:0.000000s ]
INFO: [ view_filter ] --END-- [ RunTime:0.001000s ]
INFO: [ app_end ] --START--
INFO: Run Behavior\ShowPageTraceBehavior [ RunTime:0.000000s ]
INFO: [ app_end ] --END-- [ RunTime:0.002000s ]

[ 2016-11-09T16:14:39+08:00 ] 127.0.0.1 /Home/login
INFO: [ app_init ] --START--
INFO: Run Behavior\BuildLiteBehavior [ RunTime:0.000000s ]
INFO: [ app_init ] --END-- [ RunTime:0.001000s ]
INFO: [ app_begin ] --START--
INFO: Run Behavior\ReadHtmlCacheBehavior [ RunTime:0.002000s ]
SQL: SHOW COLUMNS FROM `markzhu_nav` [ RunTime:0.0050s ]
SQL: SELECT * FROM `markzhu_nav` WHERE (  nav_isShow = 1  ) ORDER BY nav_index  [ RunTime:0.0000s ]
INFO: Run Home\Behaviors\NavBehavior [ RunTime:0.030000s ]
INFO: [ app_begin ] --END-- [ RunTime:0.032000s ]
SQL: SHOW COLUMNS FROM `markzhu_users` [ RunTime:0.0060s ]
SQL: SELECT * FROM `markzhu_users` WHERE (  user_name = "zhu" ) LIMIT 1   [ RunTime:0.0010s ]
NOTIC: [8] Undefined index: password D:\wamp\www\thinkphp\thinkphp_3.2.3_full\MarkZhu\Home\Controller\UserController.class.php 第 20 行.
INFO: [ view_parse ] --START--
NOTIC: [8] Use of undefined constant attr - assumed 'attr' D:\wamp\www\thinkphp\thinkphp_3.2.3_full\ThinkPHP\Library\Think\Think.class.php 第 198 行.
NOTIC: [8] Use of undefined constant close - assumed 'close' D:\wamp\www\thinkphp\thinkphp_3.2.3_full\ThinkPHP\Library\Think\Think.class.php 第 198 行.
INFO: [ template_filter ] --START--
INFO: Run Behavior\ContentReplaceBehavior [ RunTime:0.000000s ]
INFO: [ template_filter ] --END-- [ RunTime:0.001000s ]
SQL: SELECT * FROM `markzhu_nav` WHERE (  nav_isShow = 1  ) ORDER BY nav_index  [ RunTime:0.0010s ]
NOTIC: [8] Undefined variable: errorInfo D:\wamp\www\thinkphp\thinkphp_3.2.3_full\MarkZhu\Runtime\Cache\Home\95363fdac3dc63dbde000331b5e813c6.php 第 74 行.
INFO: Run Behavior\ParseTemplateBehavior [ RunTime:0.016000s ]
INFO: [ view_parse ] --END-- [ RunTime:0.016000s ]
INFO: [ view_filter ] --START--
INFO: Run Behavior\WriteHtmlCacheBehavior [ RunTime:0.001000s ]
INFO: [ view_filter ] --END-- [ RunTime:0.001000s ]
INFO: [ app_end ] --START--
INFO: Run Behavior\ShowPageTraceBehavior [ RunTime:0.001000s ]
INFO: [ app_end ] --END-- [ RunTime:0.001000s ]

[ 2016-11-09T16:14:46+08:00 ] 127.0.0.1 /Home/login
INFO: [ app_init ] --START--
INFO: Run Behavior\BuildLiteBehavior [ RunTime:0.000000s ]
INFO: [ app_init ] --END-- [ RunTime:0.001000s ]
INFO: [ app_begin ] --START--
INFO: Run Behavior\ReadHtmlCacheBehavior [ RunTime:0.000000s ]
SQL: SHOW COLUMNS FROM `markzhu_nav` [ RunTime:0.0050s ]
SQL: SELECT * FROM `markzhu_nav` WHERE (  nav_isShow = 1  ) ORDER BY nav_index  [ RunTime:0.0020s ]
INFO: Run Home\Behaviors\NavBehavior [ RunTime:0.018000s ]
INFO: [ app_begin ] --END-- [ RunTime:0.019000s ]
SQL: SHOW COLUMNS FROM `markzhu_users` [ RunTime:0.0100s ]
SQL: SELECT * FROM `markzhu_users` WHERE (  user_name = "zhu" ) LIMIT 1   [ RunTime:0.0010s ]
NOTIC: [8] Undefined index: password D:\wamp\www\thinkphp\thinkphp_3.2.3_full\MarkZhu\Home\Controller\UserController.class.php 第 20 行.
INFO: [ view_parse ] --START--
NOTIC: [8] Use of undefined constant attr - assumed 'attr' D:\wamp\www\thinkphp\thinkphp_3.2.3_full\ThinkPHP\Library\Think\Think.class.php 第 198 行.
NOTIC: [8] Use of undefined constant close - assumed 'close' D:\wamp\www\thinkphp\thinkphp_3.2.3_full\ThinkPHP\Library\Think\Think.class.php 第 198 行.
INFO: [ template_filter ] --START--
INFO: Run Behavior\ContentReplaceBehavior [ RunTime:0.000000s ]
INFO: [ template_filter ] --END-- [ RunTime:0.002000s ]
SQL: SELECT * FROM `markzhu_nav` WHERE (  nav_isShow = 1  ) ORDER BY nav_index  [ RunTime:0.0000s ]
NOTIC: [8] Undefined variable: errorInfo D:\wamp\www\thinkphp\thinkphp_3.2.3_full\MarkZhu\Runtime\Cache\Home\95363fdac3dc63dbde000331b5e813c6.php 第 74 行.
INFO: Run Behavior\ParseTemplateBehavior [ RunTime:0.018000s ]
INFO: [ view_parse ] --END-- [ RunTime:0.018000s ]
INFO: [ view_filter ] --START--
INFO: Run Behavior\WriteHtmlCacheBehavior [ RunTime:0.000000s ]
INFO: [ view_filter ] --END-- [ RunTime:0.000000s ]
INFO: [ app_end ] --START--
INFO: Run Behavior\ShowPageTraceBehavior [ RunTime:0.000000s ]
INFO: [ app_end ] --END-- [ RunTime:0.001000s ]

[ 2016-11-09T16:14:50+08:00 ] 127.0.0.1 /Home/login
INFO: [ app_init ] --START--
INFO: Run Behavior\BuildLiteBehavior [ RunTime:0.000000s ]
INFO: [ app_init ] --END-- [ RunTime:0.001000s ]
INFO: [ app_begin ] --START--
INFO: Run Behavior\ReadHtmlCacheBehavior [ RunTime:0.001000s ]
SQL: SHOW COLUMNS FROM `markzhu_nav` [ RunTime:0.0070s ]
SQL: SELECT * FROM `markzhu_nav` WHERE (  nav_isShow = 1  ) ORDER BY nav_index  [ RunTime:0.0010s ]
INFO: Run Home\Behaviors\NavBehavior [ RunTime:0.029000s ]
INFO: [ app_begin ] --END-- [ RunTime:0.030000s ]
SQL: SHOW COLUMNS FROM `markzhu_users` [ RunTime:0.0040s ]
SQL: SELECT * FROM `markzhu_users` WHERE (  user_name = "red" ) LIMIT 1   [ RunTime:0.0000s ]
INFO: [ view_parse ] --START--
NOTIC: [8] Use of undefined constant attr - assumed 'attr' D:\wamp\www\thinkphp\thinkphp_3.2.3_full\ThinkPHP\Library\Think\Think.class.php 第 198 行.
NOTIC: [8] Use of undefined constant close - assumed 'close' D:\wamp\www\thinkphp\thinkphp_3.2.3_full\ThinkPHP\Library\Think\Think.class.php 第 198 行.
INFO: [ template_filter ] --START--
INFO: Run Behavior\ContentReplaceBehavior [ RunTime:0.000000s ]
INFO: [ template_filter ] --END-- [ RunTime:0.000000s ]
SQL: SELECT * FROM `markzhu_nav` WHERE (  nav_isShow = 1  ) ORDER BY nav_index  [ RunTime:0.0000s ]
NOTIC: [8] Undefined variable: errorInfo D:\wamp\www\thinkphp\thinkphp_3.2.3_full\MarkZhu\Runtime\Cache\Home\95363fdac3dc63dbde000331b5e813c6.php 第 74 行.
INFO: Run Behavior\ParseTemplateBehavior [ RunTime:0.017000s ]
INFO: [ view_parse ] --END-- [ RunTime:0.017000s ]
INFO: [ view_filter ] --START--
INFO: Run Behavior\WriteHtmlCacheBehavior [ RunTime:0.000000s ]
INFO: [ view_filter ] --END-- [ RunTime:0.001000s ]
INFO: [ app_end ] --START--
INFO: Run Behavior\ShowPageTraceBehavior [ RunTime:0.002000s ]
INFO: [ app_end ] --END-- [ RunTime:0.002000s ]

[ 2016-11-09T16:16:09+08:00 ] 127.0.0.1 /Home/login
INFO: [ app_init ] --START--
INFO: Run Behavior\BuildLiteBehavior [ RunTime:0.000000s ]
INFO: [ app_init ] --END-- [ RunTime:0.000000s ]
INFO: [ app_begin ] --START--
INFO: Run Behavior\ReadHtmlCacheBehavior [ RunTime:0.000000s ]
SQL: SHOW COLUMNS FROM `markzhu_nav` [ RunTime:0.0040s ]
SQL: SELECT * FROM `markzhu_nav` WHERE (  nav_isShow = 1  ) ORDER BY nav_index  [ RunTime:0.0000s ]
INFO: Run Home\Behaviors\NavBehavior [ RunTime:0.013000s ]
INFO: [ app_begin ] --END-- [ RunTime:0.014000s ]
SQL: SHOW COLUMNS FROM `markzhu_users` [ RunTime:0.0050s ]
SQL: SELECT * FROM `markzhu_users` WHERE (  user_name = "red" ) LIMIT 1   [ RunTime:0.0000s ]
INFO: [ view_parse ] --START--
NOTIC: [8] Use of undefined constant attr - assumed 'attr' D:\wamp\www\thinkphp\thinkphp_3.2.3_full\ThinkPHP\Library\Think\Think.class.php 第 198 行.
NOTIC: [8] Use of undefined constant close - assumed 'close' D:\wamp\www\thinkphp\thinkphp_3.2.3_full\ThinkPHP\Library\Think\Think.class.php 第 198 行.
INFO: [ template_filter ] --START--
INFO: Run Behavior\ContentReplaceBehavior [ RunTime:0.000000s ]
INFO: [ template_filter ] --END-- [ RunTime:0.000000s ]
SQL: SELECT * FROM `markzhu_nav` WHERE (  nav_isShow = 1  ) ORDER BY nav_index  [ RunTime:0.0010s ]
NOTIC: [8] Undefined variable: errorInfo D:\wamp\www\thinkphp\thinkphp_3.2.3_full\MarkZhu\Runtime\Cache\Home\95363fdac3dc63dbde000331b5e813c6.php 第 74 行.
INFO: Run Behavior\ParseTemplateBehavior [ RunTime:0.014000s ]
INFO: [ view_parse ] --END-- [ RunTime:0.014000s ]
INFO: [ view_filter ] --START--
INFO: Run Behavior\WriteHtmlCacheBehavior [ RunTime:0.001000s ]
INFO: [ view_filter ] --END-- [ RunTime:0.001000s ]
INFO: [ app_end ] --START--
INFO: Run Behavior\ShowPageTraceBehavior [ RunTime:0.001000s ]
INFO: [ app_end ] --END-- [ RunTime:0.001000s ]

[ 2016-11-09T16:16:12+08:00 ] 127.0.0.1 /Home/login
INFO: [ app_init ] --START--
INFO: Run Behavior\BuildLiteBehavior [ RunTime:0.000000s ]
INFO: [ app_init ] --END-- [ RunTime:0.000000s ]
INFO: [ app_begin ] --START--
INFO: Run Behavior\ReadHtmlCacheBehavior [ RunTime:0.001000s ]
SQL: SHOW COLUMNS FROM `markzhu_nav` [ RunTime:0.0050s ]
SQL: SELECT * FROM `markzhu_nav` WHERE (  nav_isShow = 1  ) ORDER BY nav_index  [ RunTime:0.0010s ]
INFO: Run Home\Behaviors\NavBehavior [ RunTime:0.015000s ]
INFO: [ app_begin ] --END-- [ RunTime:0.016000s ]
SQL: SHOW COLUMNS FROM `markzhu_users` [ RunTime:0.0050s ]
SQL: SELECT * FROM `markzhu_users` WHERE (  user_name = "zhu" ) LIMIT 1   [ RunTime:0.0000s ]
NOTIC: [8] Undefined index: password D:\wamp\www\thinkphp\thinkphp_3.2.3_full\MarkZhu\Home\Controller\UserController.class.php 第 20 行.
INFO: [ view_parse ] --START--
NOTIC: [8] Use of undefined constant attr - assumed 'attr' D:\wamp\www\thinkphp\thinkphp_3.2.3_full\ThinkPHP\Library\Think\Think.class.php 第 198 行.
NOTIC: [8] Use of undefined constant close - assumed 'close' D:\wamp\www\thinkphp\thinkphp_3.2.3_full\ThinkPHP\Library\Think\Think.class.php 第 198 行.
INFO: [ template_filter ] --START--
INFO: Run Behavior\ContentReplaceBehavior [ RunTime:0.000000s ]
INFO: [ template_filter ] --END-- [ RunTime:0.000000s ]
SQL: SELECT * FROM `markzhu_nav` WHERE (  nav_isShow = 1  ) ORDER BY nav_index  [ RunTime:0.0010s ]
NOTIC: [8] Undefined variable: errorInfo D:\wamp\www\thinkphp\thinkphp_3.2.3_full\MarkZhu\Runtime\Cache\Home\95363fdac3dc63dbde000331b5e813c6.php 第 74 行.
INFO: Run Behavior\ParseTemplateBehavior [ RunTime:0.015000s ]
INFO: [ view_parse ] --END-- [ RunTime:0.015000s ]
INFO: [ view_filter ] --START--
INFO: Run Behavior\WriteHtmlCacheBehavior [ RunTime:0.001000s ]
INFO: [ view_filter ] --END-- [ RunTime:0.001000s ]
INFO: [ app_end ] --START--
INFO: Run Behavior\ShowPageTraceBehavior [ RunTime:0.001000s ]
INFO: [ app_end ] --END-- [ RunTime:0.001000s ]

[ 2016-11-09T16:16:39+08:00 ] 127.0.0.1 /Home/login
INFO: [ app_init ] --START--
INFO: Run Behavior\BuildLiteBehavior [ RunTime:0.000000s ]
INFO: [ app_init ] --END-- [ RunTime:0.000000s ]
INFO: [ app_begin ] --START--
INFO: Run Behavior\ReadHtmlCacheBehavior [ RunTime:0.001000s ]
SQL: SHOW COLUMNS FROM `markzhu_nav` [ RunTime:0.0050s ]
SQL: SELECT * FROM `markzhu_nav` WHERE (  nav_isShow = 1  ) ORDER BY nav_index  [ RunTime:0.0010s ]
INFO: Run Home\Behaviors\NavBehavior [ RunTime:0.013000s ]
INFO: [ app_begin ] --END-- [ RunTime:0.014000s ]
SQL: SHOW COLUMNS FROM `markzhu_users` [ RunTime:0.0050s ]
SQL: SELECT * FROM `markzhu_users` WHERE (  user_name = "zhu" ) LIMIT 1   [ RunTime:0.0010s ]
NOTIC: [8] Undefined index: password D:\wamp\www\thinkphp\thinkphp_3.2.3_full\MarkZhu\Home\Controller\UserController.class.php 第 20 行.
INFO: [ view_parse ] --START--
NOTIC: [8] Use of undefined constant attr - assumed 'attr' D:\wamp\www\thinkphp\thinkphp_3.2.3_full\ThinkPHP\Library\Think\Think.class.php 第 198 行.
NOTIC: [8] Use of undefined constant close - assumed 'close' D:\wamp\www\thinkphp\thinkphp_3.2.3_full\ThinkPHP\Library\Think\Think.class.php 第 198 行.
INFO: [ template_filter ] --START--
INFO: Run Behavior\ContentReplaceBehavior [ RunTime:0.000000s ]
INFO: [ template_filter ] --END-- [ RunTime:0.001000s ]
SQL: SELECT * FROM `markzhu_nav` WHERE (  nav_isShow = 1  ) ORDER BY nav_index  [ RunTime:0.0010s ]
NOTIC: [8] Undefined variable: errorInfo D:\wamp\www\thinkphp\thinkphp_3.2.3_full\MarkZhu\Runtime\Cache\Home\95363fdac3dc63dbde000331b5e813c6.php 第 74 行.
INFO: Run Behavior\ParseTemplateBehavior [ RunTime:0.014000s ]
INFO: [ view_parse ] --END-- [ RunTime:0.014000s ]
INFO: [ view_filter ] --START--
INFO: Run Behavior\WriteHtmlCacheBehavior [ RunTime:0.001000s ]
INFO: [ view_filter ] --END-- [ RunTime:0.001000s ]
INFO: [ app_end ] --START--
INFO: Run Behavior\ShowPageTraceBehavior [ RunTime:0.001000s ]
INFO: [ app_end ] --END-- [ RunTime:0.001000s ]

[ 2016-11-09T16:16:46+08:00 ] 127.0.0.1 /Home/login
INFO: [ app_init ] --START--
INFO: Run Behavior\BuildLiteBehavior [ RunTime:0.000000s ]
INFO: [ app_init ] --END-- [ RunTime:0.001000s ]
INFO: [ app_begin ] --START--
INFO: Run Behavior\ReadHtmlCacheBehavior [ RunTime:0.001000s ]
SQL: SHOW COLUMNS FROM `markzhu_nav` [ RunTime:0.0040s ]
SQL: SELECT * FROM `markzhu_nav` WHERE (  nav_isShow = 1  ) ORDER BY nav_index  [ RunTime:0.0000s ]
INFO: Run Home\Behaviors\NavBehavior [ RunTime:0.022000s ]
INFO: [ app_begin ] --END-- [ RunTime:0.024000s ]
SQL: SHOW COLUMNS FROM `markzhu_users` [ RunTime:0.0050s ]
SQL: SELECT * FROM `markzhu_users` WHERE (  user_name = "zhu" ) LIMIT 1   [ RunTime:0.0010s ]
NOTIC: [8] Undefined index: password D:\wamp\www\thinkphp\thinkphp_3.2.3_full\MarkZhu\Home\Controller\UserController.class.php 第 20 行.
INFO: [ view_parse ] --START--
NOTIC: [8] Use of undefined constant attr - assumed 'attr' D:\wamp\www\thinkphp\thinkphp_3.2.3_full\ThinkPHP\Library\Think\Think.class.php 第 198 行.
NOTIC: [8] Use of undefined constant close - assumed 'close' D:\wamp\www\thinkphp\thinkphp_3.2.3_full\ThinkPHP\Library\Think\Think.class.php 第 198 行.
INFO: [ template_filter ] --START--
INFO: Run Behavior\ContentReplaceBehavior [ RunTime:0.000000s ]
INFO: [ template_filter ] --END-- [ RunTime:0.000000s ]
SQL: SELECT * FROM `markzhu_nav` WHERE (  nav_isShow = 1  ) ORDER BY nav_index  [ RunTime:0.0010s ]
NOTIC: [8] Undefined variable: errorInfo D:\wamp\www\thinkphp\thinkphp_3.2.3_full\MarkZhu\Runtime\Cache\Home\95363fdac3dc63dbde000331b5e813c6.php 第 74 行.
INFO: Run Behavior\ParseTemplateBehavior [ RunTime:0.014000s ]
INFO: [ view_parse ] --END-- [ RunTime:0.014000s ]
INFO: [ view_filter ] --START--
INFO: Run Behavior\WriteHtmlCacheBehavior [ RunTime:0.001000s ]
INFO: [ view_filter ] --END-- [ RunTime:0.001000s ]
INFO: [ app_end ] --START--
INFO: Run Behavior\ShowPageTraceBehavior [ RunTime:0.001000s ]
INFO: [ app_end ] --END-- [ RunTime:0.001000s ]

[ 2016-11-09T16:19:59+08:00 ] 127.0.0.1 /Home/login
INFO: [ app_init ] --START--
INFO: Run Behavior\BuildLiteBehavior [ RunTime:0.000000s ]
INFO: [ app_init ] --END-- [ RunTime:0.000000s ]
INFO: [ app_begin ] --START--
INFO: Run Behavior\ReadHtmlCacheBehavior [ RunTime:0.000000s ]
SQL: SHOW COLUMNS FROM `markzhu_nav` [ RunTime:0.0040s ]
SQL: SELECT * FROM `markzhu_nav` WHERE (  nav_isShow = 1  ) ORDER BY nav_index  [ RunTime:0.0000s ]
INFO: Run Home\Behaviors\NavBehavior [ RunTime:0.014000s ]
INFO: [ app_begin ] --END-- [ RunTime:0.014000s ]
SQL: SHOW COLUMNS FROM `markzhu_users` [ RunTime:0.0050s ]
SQL: SELECT * FROM `markzhu_users` WHERE (  user_name = "zhu" ) LIMIT 1   [ RunTime:0.0010s ]
NOTIC: [8] Undefined index: password D:\wamp\www\thinkphp\thinkphp_3.2.3_full\MarkZhu\Home\Controller\UserController.class.php 第 20 行.

[ 2016-11-09T16:20:00+08:00 ] 127.0.0.1 /Home/login
INFO: [ app_init ] --START--
INFO: Run Behavior\BuildLiteBehavior [ RunTime:0.000000s ]
INFO: [ app_init ] --END-- [ RunTime:0.000000s ]
INFO: [ app_begin ] --START--
INFO: Run Behavior\ReadHtmlCacheBehavior [ RunTime:0.001000s ]
SQL: SHOW COLUMNS FROM `markzhu_nav` [ RunTime:0.0050s ]
SQL: SELECT * FROM `markzhu_nav` WHERE (  nav_isShow = 1  ) ORDER BY nav_index  [ RunTime:0.0010s ]
INFO: Run Home\Behaviors\NavBehavior [ RunTime:0.024000s ]
INFO: [ app_begin ] --END-- [ RunTime:0.025000s ]
SQL: SHOW COLUMNS FROM `markzhu_users` [ RunTime:0.0050s ]
SQL: SELECT * FROM `markzhu_users` WHERE (  user_name = "zhu" ) LIMIT 1   [ RunTime:0.0010s ]
NOTIC: [8] Undefined index: password D:\wamp\www\thinkphp\thinkphp_3.2.3_full\MarkZhu\Home\Controller\UserController.class.php 第 20 行.

[ 2016-11-09T16:20:15+08:00 ] 127.0.0.1 /Home/login
INFO: [ app_init ] --START--
INFO: Run Behavior\BuildLiteBehavior [ RunTime:0.000000s ]
INFO: [ app_init ] --END-- [ RunTime:0.001000s ]
INFO: [ app_begin ] --START--
INFO: Run Behavior\ReadHtmlCacheBehavior [ RunTime:0.000000s ]
SQL: SHOW COLUMNS FROM `markzhu_nav` [ RunTime:0.0070s ]
SQL: SELECT * FROM `markzhu_nav` WHERE (  nav_isShow = 1  ) ORDER BY nav_index  [ RunTime:0.0010s ]
INFO: Run Home\Behaviors\NavBehavior [ RunTime:0.030000s ]
INFO: [ app_begin ] --END-- [ RunTime:0.031000s ]
SQL: SHOW COLUMNS FROM `markzhu_users` [ RunTime:0.0060s ]
SQL: SELECT * FROM `markzhu_users` WHERE (  user_name = "zhu" ) LIMIT 1   [ RunTime:0.0010s ]
NOTIC: [8] Undefined index: password D:\wamp\www\thinkphp\thinkphp_3.2.3_full\MarkZhu\Home\Controller\UserController.class.php 第 20 行.
INFO: [ view_parse ] --START--
NOTIC: [8] Use of undefined constant attr - assumed 'attr' D:\wamp\www\thinkphp\thinkphp_3.2.3_full\ThinkPHP\Library\Think\Think.class.php 第 198 行.
NOTIC: [8] Use of undefined constant close - assumed 'close' D:\wamp\www\thinkphp\thinkphp_3.2.3_full\ThinkPHP\Library\Think\Think.class.php 第 198 行.
INFO: [ template_filter ] --START--
INFO: Run Behavior\ContentReplaceBehavior [ RunTime:0.000000s ]
INFO: [ template_filter ] --END-- [ RunTime:0.001000s ]
SQL: SELECT * FROM `markzhu_nav` WHERE (  nav_isShow = 1  ) ORDER BY nav_index  [ RunTime:0.0010s ]
NOTIC: [8] Undefined variable: errorInfo D:\wamp\www\thinkphp\thinkphp_3.2.3_full\MarkZhu\Runtime\Cache\Home\95363fdac3dc63dbde000331b5e813c6.php 第 74 行.
INFO: Run Behavior\ParseTemplateBehavior [ RunTime:0.015000s ]
INFO: [ view_parse ] --END-- [ RunTime:0.015000s ]
INFO: [ view_filter ] --START--
INFO: Run Behavior\WriteHtmlCacheBehavior [ RunTime:0.000000s ]
INFO: [ view_filter ] --END-- [ RunTime:0.001000s ]
INFO: [ app_end ] --START--
INFO: Run Behavior\ShowPageTraceBehavior [ RunTime:0.001000s ]
INFO: [ app_end ] --END-- [ RunTime:0.001000s ]

[ 2016-11-09T16:21:40+08:00 ] 127.0.0.1 /Home/login
INFO: [ app_init ] --START--
INFO: Run Behavior\BuildLiteBehavior [ RunTime:0.000000s ]
INFO: [ app_init ] --END-- [ RunTime:0.000000s ]
INFO: [ app_begin ] --START--
INFO: Run Behavior\ReadHtmlCacheBehavior [ RunTime:0.000000s ]
SQL: SHOW COLUMNS FROM `markzhu_nav` [ RunTime:0.0040s ]
SQL: SELECT * FROM `markzhu_nav` WHERE (  nav_isShow = 1  ) ORDER BY nav_index  [ RunTime:0.0010s ]
INFO: Run Home\Behaviors\NavBehavior [ RunTime:0.013000s ]
INFO: [ app_begin ] --END-- [ RunTime:0.013000s ]
SQL: SHOW COLUMNS FROM `markzhu_users` [ RunTime:0.0050s ]
SQL: SELECT * FROM `markzhu_users` WHERE (  user_name = "zhu" ) LIMIT 1   [ RunTime:0.0010s ]
NOTIC: [8] Undefined index: password D:\wamp\www\thinkphp\thinkphp_3.2.3_full\MarkZhu\Home\Controller\UserController.class.php 第 20 行.
INFO: [ view_parse ] --START--
NOTIC: [8] Use of undefined constant attr - assumed 'attr' D:\wamp\www\thinkphp\thinkphp_3.2.3_full\ThinkPHP\Library\Think\Think.class.php 第 198 行.
NOTIC: [8] Use of undefined constant close - assumed 'close' D:\wamp\www\thinkphp\thinkphp_3.2.3_full\ThinkPHP\Library\Think\Think.class.php 第 198 行.
INFO: [ template_filter ] --START--
INFO: Run Behavior\ContentReplaceBehavior [ RunTime:0.000000s ]
INFO: [ template_filter ] --END-- [ RunTime:0.001000s ]
SQL: SELECT * FROM `markzhu_nav` WHERE (  nav_isShow = 1  ) ORDER BY nav_index  [ RunTime:0.0010s ]
NOTIC: [8] Undefined variable: errorInfo D:\wamp\www\thinkphp\thinkphp_3.2.3_full\MarkZhu\Runtime\Cache\Home\95363fdac3dc63dbde000331b5e813c6.php 第 74 行.
INFO: Run Behavior\ParseTemplateBehavior [ RunTime:0.015000s ]
INFO: [ view_parse ] --END-- [ RunTime:0.015000s ]
INFO: [ view_filter ] --START--
INFO: Run Behavior\WriteHtmlCacheBehavior [ RunTime:0.001000s ]
INFO: [ view_filter ] --END-- [ RunTime:0.001000s ]
INFO: [ app_end ] --START--
INFO: Run Behavior\ShowPageTraceBehavior [ RunTime:0.001000s ]
INFO: [ app_end ] --END-- [ RunTime:0.001000s ]

[ 2016-11-09T16:21:54+08:00 ] 127.0.0.1 /Home/login
INFO: [ app_init ] --START--
INFO: Run Behavior\BuildLiteBehavior [ RunTime:0.000000s ]
INFO: [ app_init ] --END-- [ RunTime:0.001000s ]
INFO: [ app_begin ] --START--
INFO: Run Behavior\ReadHtmlCacheBehavior [ RunTime:0.000000s ]
SQL: SHOW COLUMNS FROM `markzhu_nav` [ RunTime:0.0040s ]
SQL: SELECT * FROM `markzhu_nav` WHERE (  nav_isShow = 1  ) ORDER BY nav_index  [ RunTime:0.0000s ]
INFO: Run Home\Behaviors\NavBehavior [ RunTime:0.023000s ]
INFO: [ app_begin ] --END-- [ RunTime:0.024000s ]
SQL: SHOW COLUMNS FROM `markzhu_users` [ RunTime:0.0040s ]
SQL: SELECT * FROM `markzhu_users` WHERE (  user_name = "zhu" ) LIMIT 1   [ RunTime:0.0010s ]
NOTIC: [8] Undefined index: password D:\wamp\www\thinkphp\thinkphp_3.2.3_full\MarkZhu\Home\Controller\UserController.class.php 第 20 行.
INFO: [ view_parse ] --START--
NOTIC: [8] Use of undefined constant attr - assumed 'attr' D:\wamp\www\thinkphp\thinkphp_3.2.3_full\ThinkPHP\Library\Think\Think.class.php 第 198 行.
NOTIC: [8] Use of undefined constant close - assumed 'close' D:\wamp\www\thinkphp\thinkphp_3.2.3_full\ThinkPHP\Library\Think\Think.class.php 第 198 行.
INFO: [ template_filter ] --START--
INFO: Run Behavior\ContentReplaceBehavior [ RunTime:0.000000s ]
INFO: [ template_filter ] --END-- [ RunTime:0.000000s ]
SQL: SELECT * FROM `markzhu_nav` WHERE (  nav_isShow = 1  ) ORDER BY nav_index  [ RunTime:0.0000s ]
NOTIC: [8] Undefined variable: errorInfo D:\wamp\www\thinkphp\thinkphp_3.2.3_full\MarkZhu\Runtime\Cache\Home\95363fdac3dc63dbde000331b5e813c6.php 第 74 行.
INFO: Run Behavior\ParseTemplateBehavior [ RunTime:0.014000s ]
INFO: [ view_parse ] --END-- [ RunTime:0.015000s ]
INFO: [ view_filter ] --START--
INFO: Run Behavior\WriteHtmlCacheBehavior [ RunTime:0.001000s ]
INFO: [ view_filter ] --END-- [ RunTime:0.001000s ]
INFO: [ app_end ] --START--
INFO: Run Behavior\ShowPageTraceBehavior [ RunTime:0.001000s ]
INFO: [ app_end ] --END-- [ RunTime:0.001000s ]

[ 2016-11-09T16:22:08+08:00 ] 127.0.0.1 /Home/login
INFO: [ app_init ] --START--
INFO: Run Behavior\BuildLiteBehavior [ RunTime:0.000000s ]
INFO: [ app_init ] --END-- [ RunTime:0.001000s ]
INFO: [ app_begin ] --START--
INFO: Run Behavior\ReadHtmlCacheBehavior [ RunTime:0.000000s ]
SQL: SHOW COLUMNS FROM `markzhu_nav` [ RunTime:0.0060s ]
SQL: SELECT * FROM `markzhu_nav` WHERE (  nav_isShow = 1  ) ORDER BY nav_index  [ RunTime:0.0010s ]
INFO: Run Home\Behaviors\NavBehavior [ RunTime:0.025000s ]
INFO: [ app_begin ] --END-- [ RunTime:0.025000s ]
SQL: SHOW COLUMNS FROM `markzhu_users` [ RunTime:0.0290s ]
SQL: SELECT * FROM `markzhu_users` WHERE (  user_name = "zhu" ) LIMIT 1   [ RunTime:0.0000s ]
INFO: [ view_parse ] --START--
NOTIC: [8] Use of undefined constant attr - assumed 'attr' D:\wamp\www\thinkphp\thinkphp_3.2.3_full\ThinkPHP\Library\Think\Think.class.php 第 198 行.
NOTIC: [8] Use of undefined constant close - assumed 'close' D:\wamp\www\thinkphp\thinkphp_3.2.3_full\ThinkPHP\Library\Think\Think.class.php 第 198 行.
INFO: [ template_filter ] --START--
INFO: Run Behavior\ContentReplaceBehavior [ RunTime:0.000000s ]
INFO: [ template_filter ] --END-- [ RunTime:0.000000s ]
SQL: SELECT * FROM `markzhu_nav` WHERE (  nav_isShow = 1  ) ORDER BY nav_index  [ RunTime:0.0000s ]
NOTIC: [8] Undefined variable: errorInfo D:\wamp\www\thinkphp\thinkphp_3.2.3_full\MarkZhu\Runtime\Cache\Home\95363fdac3dc63dbde000331b5e813c6.php 第 74 行.
INFO: Run Behavior\ParseTemplateBehavior [ RunTime:0.014000s ]
INFO: [ view_parse ] --END-- [ RunTime:0.014000s ]
INFO: [ view_filter ] --START--
INFO: Run Behavior\WriteHtmlCacheBehavior [ RunTime:0.000000s ]
INFO: [ view_filter ] --END-- [ RunTime:0.000000s ]
INFO: [ app_end ] --START--
INFO: Run Behavior\ShowPageTraceBehavior [ RunTime:0.000000s ]
INFO: [ app_end ] --END-- [ RunTime:0.000000s ]

